SF:lib\app\app_module.dart
DA:20,0
DA:21,0
DA:22,4
DA:23,0
DA:24,0
LF:5
LH:1
end_of_record
SF:lib\app\app_guard.dart
DA:6,0
DA:7,0
DA:11,0
LF:3
LH:0
end_of_record
SF:lib\app\modules\login\login_module.dart
DA:8,3
DA:13,0
LF:2
LH:1
end_of_record
SF:lib\app\shared\components\bottom_navigation_bar\bottom_navigation_bar_controller.g.dart
DA:13,1
DA:14,2
DA:16,1
DA:18,2
DA:19,1
DA:22,1
DA:24,4
DA:25,1
DA:29,2
DA:31,1
DA:33,1
DA:35,4
DA:38,0
DA:41,0
DA:42,0
LF:15
LH:12
end_of_record
SF:lib\app\shared\components\bottom_navigation_bar\bottom_navigation_bar_controller.dart
DA:13,1
DA:14,2
LF:2
LH:2
end_of_record
SF:lib\app\shared\services\firebase\firebase_analytics_service.dart
DA:6,0
DA:7,0
DA:9,0
DA:10,0
DA:13,0
DA:14,0
DA:17,0
DA:18,0
DA:21,0
DA:22,0
DA:23,0
DA:26,0
DA:27,0
DA:30,0
DA:31,0
LF:15
LH:0
end_of_record
SF:lib\app\shared\dio\dio_options.dart
DA:3,0
LF:1
LH:0
end_of_record
SF:lib\app\modules\auth\auth_guard.dart
DA:8,0
DA:9,0
DA:10,0
DA:11,0
DA:12,0
DA:14,0
DA:17,0
LF:7
LH:0
end_of_record
SF:lib\app\modules\auth\auth_module.dart
DA:12,0
DA:13,0
DA:14,0
DA:15,0
DA:18,0
DA:20,0
LF:6
LH:0
end_of_record
SF:lib\app\shared\components\filter_period\filter_period_controller.dart
DA:14,0
DA:15,0
LF:2
LH:0
end_of_record
SF:lib\app\shared\components\filter_period\filter_period_controller.g.dart
DA:12,2
DA:13,4
DA:15,2
DA:17,4
DA:18,2
DA:21,0
DA:23,0
DA:24,0
DA:31,0
DA:33,0
DA:36,0
DA:39,0
DA:40,0
LF:13
LH:5
end_of_record
SF:lib\app\modules\configuracoes-usuario\configuracoes_usuario_module.dart
DA:13,0
DA:14,0
DA:15,0
DA:16,0
LF:4
LH:0
end_of_record
SF:lib\app\modules\landing\landing_module.dart
DA:20,0
LF:1
LH:0
end_of_record
SF:lib\app\modules\notas\pages\medias\widgets\filtro_ano\filtro_controller.g.dart
DA:15,0
DA:17,0
DA:18,0
DA:21,0
DA:23,0
DA:24,0
DA:31,0
DA:33,0
DA:36,0
DA:39,0
DA:40,0
LF:11
LH:0
end_of_record
SF:lib\app\modules\notas\pages\medias\widgets\filtro_ano\filtro_controller.dart
DA:13,0
DA:14,0
LF:2
LH:0
end_of_record
SF:lib\app\modules\activities\activities_controller.dart
DA:17,2
DA:18,2
DA:24,0
DA:26,0
DA:28,0
DA:30,0
DA:33,2
DA:34,8
DA:35,6
LF:9
LH:5
end_of_record
SF:lib\app\modules\activities\activities_controller.g.dart
DA:14,0
DA:15,0
DA:16,0
DA:18,0
DA:21,0
DA:23,0
DA:24,0
DA:26,0
DA:28,2
DA:29,4
DA:31,1
DA:33,2
DA:34,1
DA:37,2
DA:39,8
DA:40,2
DA:44,2
DA:45,4
DA:47,2
DA:49,8
DA:52,0
DA:55,0
DA:56,0
DA:57,0
DA:58,0
LF:25
LH:12
end_of_record
SF:lib\app\shared\models\activity_model.dart
DA:8,3
DA:16,0
DA:17,0
LF:3
LH:1
end_of_record
SF:lib\app\modules\activities\activities_module.dart
DA:10,3
DA:11,2
LF:2
LH:2
end_of_record
SF:lib\app\modules\activities\repositories\activities_repository.dart
DA:38,1
DA:40,2
DA:41,2
LF:3
LH:3
end_of_record
SF:lib\app\shared\enumerates\tipo_materia_enum.dart
DA:1,65
DA:4,3
DA:6,3
DA:8,3
DA:10,3
DA:12,3
DA:14,0
LF:7
LH:6
end_of_record
SF:lib\app\modules\auth\auth_controller.dart
DA:12,1
DA:17,2
DA:19,1
DA:21,3
DA:23,3
DA:25,3
DA:26,1
DA:29,1
DA:30,3
DA:32,1
DA:36,3
DA:37,3
DA:38,1
DA:40,0
DA:44,0
DA:45,0
DA:46,0
LF:17
LH:13
end_of_record
SF:lib\app\modules\auth\repositories\auth_repository_mock.dart
DA:10,0
DA:11,0
DA:12,0
DA:13,0
DA:14,0
DA:21,0
LF:6
LH:0
end_of_record
SF:lib\app\modules\auth\repositories\secure_storage.dart
DA:7,0
DA:9,0
DA:10,0
DA:11,0
DA:15,0
DA:16,0
DA:20,0
DA:21,0
DA:25,0
DA:26,0
LF:10
LH:0
end_of_record
SF:lib\app\modules\auth\errors\errors.dart
DA:3,0
DA:7,0
DA:11,0
LF:3
LH:0
end_of_record
SF:lib\app\modules\calendario\calendario_controller.dart
DA:19,2
DA:20,2
DA:38,1
DA:40,1
DA:43,1
DA:45,2
DA:46,2
DA:47,1
DA:50,2
DA:52,2
DA:54,8
DA:55,10
DA:56,4
DA:59,2
DA:62,2
DA:64,2
DA:65,2
DA:67,8
DA:68,2
DA:69,6
DA:70,2
DA:71,6
DA:72,6
DA:73,2
DA:74,8
DA:75,10
DA:80,2
DA:84,2
DA:85,8
DA:86,2
DA:87,2
LF:31
LH:31
end_of_record
SF:lib\app\modules\calendario\calendario_controller.g.dart
DA:12,2
DA:13,4
DA:15,1
DA:17,2
DA:18,1
DA:21,2
DA:23,8
DA:24,2
DA:28,2
DA:29,4
DA:31,1
DA:33,2
DA:34,1
DA:37,2
DA:39,8
DA:40,2
DA:44,2
DA:45,4
DA:47,2
DA:49,4
DA:50,2
DA:53,2
DA:55,8
DA:56,2
DA:60,4
DA:61,2
DA:63,2
DA:65,4
DA:66,2
DA:69,1
DA:71,4
DA:72,1
DA:76,2
DA:77,4
DA:79,2
DA:81,8
DA:84,2
DA:85,4
DA:87,1
DA:89,1
DA:90,1
DA:92,1
DA:94,2
DA:98,1
DA:100,1
DA:101,1
DA:103,1
DA:105,2
DA:109,2
DA:111,2
DA:112,2
DA:114,2
DA:116,4
DA:120,2
DA:122,2
DA:123,2
DA:125,2
DA:127,4
DA:131,0
DA:134,0
DA:135,0
DA:136,0
DA:137,0
DA:138,0
LF:64
LH:58
end_of_record
SF:lib\app\modules\calendario\models\evento_model.dart
DA:11,3
DA:18,0
DA:19,0
DA:27,0
DA:28,0
DA:31,0
DA:32,0
DA:34,0
DA:35,0
DA:37,0
DA:38,0
LF:11
LH:1
end_of_record
SF:lib\app\modules\calendario\models\evento_panel_model.dart
DA:7,1
DA:9,1
DA:10,2
DA:13,2
LF:4
LH:4
end_of_record
SF:lib\app\modules\calendario\enumerates\evento_enum.dart
DA:3,65
DA:6,2
DA:8,2
DA:9,2
DA:10,2
DA:11,2
DA:12,2
DA:13,2
DA:14,2
DA:15,2
DA:16,0
DA:17,0
DA:18,0
DA:19,0
LF:14
LH:10
end_of_record
SF:lib\app\modules\calendario\widgets\event_map_widget.dart
DA:6,2
DA:8,2
DA:10,0
DA:12,0
DA:14,0
DA:15,0
DA:16,0
DA:17,0
DA:18,0
DA:20,0
LF:10
LH:2
end_of_record
SF:lib\app\modules\calendario\calendario_module.dart
DA:10,3
DA:11,2
LF:2
LH:2
end_of_record
SF:lib\app\modules\calendario\repositories\calendario_repository.dart
DA:59,1
DA:61,2
LF:2
LH:2
end_of_record
SF:lib\app\modules\configuracoes-usuario\configuracoes_usuario_page.dart
DA:13,0
DA:18,0
DA:20,0
DA:22,0
DA:27,0
DA:29,0
DA:30,0
DA:31,0
DA:32,0
DA:33,0
DA:34,0
DA:35,0
DA:36,0
DA:38,0
DA:41,0
DA:42,0
DA:43,0
DA:44,0
DA:46,0
DA:47,0
DA:48,0
DA:49,0
DA:51,0
DA:52,0
DA:54,0
DA:56,0
LF:26
LH:0
end_of_record
SF:lib\app\modules\configuracoes-usuario\widgets\app_bar_configuracoes_usuario_widget.dart
DA:9,0
DA:14,0
DA:16,0
DA:18,0
DA:19,0
DA:21,0
DA:23,0
DA:24,0
DA:25,0
DA:26,0
DA:27,0
DA:28,0
DA:29,0
DA:31,0
DA:33,0
DA:34,0
DA:35,0
DA:36,0
DA:37,0
DA:38,0
DA:39,0
DA:44,0
DA:47,0
DA:48,0
DA:49,0
DA:51,0
DA:52,0
DA:53,0
DA:56,0
LF:29
LH:0
end_of_record
SF:lib\app\modules\configuracoes-usuario\widgets\navigation_widget.dart
DA:9,0
DA:11,0
DA:13,0
DA:15,0
DA:16,0
DA:17,0
DA:19,0
DA:20,0
DA:21,0
DA:23,0
DA:24,0
DA:25,0
DA:26,0
DA:27,0
DA:28,0
DA:31,0
DA:33,0
DA:34,0
DA:35,0
DA:40,0
DA:42,0
DA:49,0
LF:22
LH:0
end_of_record
SF:lib\app\shared\themes\app_colors.dart
DA:4,0
DA:5,0
DA:6,0
DA:7,0
DA:8,0
DA:9,0
DA:10,0
DA:12,0
DA:13,0
DA:15,0
LF:10
LH:0
end_of_record
SF:lib\app\shared\themes\app_text_styles.dart
DA:7,0
DA:8,0
DA:13,0
DA:14,0
DA:18,0
DA:19,0
DA:24,0
DA:25,0
DA:30,0
DA:31,0
LF:10
LH:0
end_of_record
SF:lib\app\modules\help\help_module.dart
DA:20,3
DA:21,2
DA:22,3
DA:24,2
DA:25,3
DA:26,2
LF:6
LH:6
end_of_record
SF:lib\app\modules\help\pages\help-avisos\help_avisos_controller.g.dart
DA:12,2
DA:13,4
DA:15,2
DA:17,4
DA:18,2
DA:21,2
DA:23,8
DA:24,2
DA:28,2
DA:29,4
DA:31,1
DA:33,2
DA:34,1
DA:37,2
DA:39,8
DA:40,2
DA:44,4
DA:46,2
DA:48,2
DA:50,2
DA:51,6
DA:54,2
DA:55,4
DA:57,2
DA:59,2
DA:60,2
DA:62,2
DA:64,4
DA:68,1
DA:70,1
DA:71,1
DA:73,1
DA:75,2
DA:79,0
DA:82,0
DA:83,0
DA:84,0
LF:37
LH:33
end_of_record
SF:lib\app\modules\help\pages\help-avisos\help_avisos_controller.dart
DA:15,2
DA:16,2
DA:25,2
DA:27,2
DA:28,8
DA:29,8
DA:31,2
DA:34,1
DA:36,2
DA:37,2
DA:38,1
DA:42,2
DA:43,8
DA:44,2
LF:14
LH:14
end_of_record
SF:lib\app\modules\help\pages\help-avisos\repositories\help_avisos_repository.dart
DA:18,1
DA:19,2
LF:2
LH:2
end_of_record
SF:lib\app\modules\help\pages\help-faq\help_faq_controller.g.dart
DA:12,2
DA:13,4
DA:15,2
DA:17,4
DA:18,2
DA:21,2
DA:23,8
DA:24,2
DA:28,2
DA:29,4
DA:31,1
DA:33,2
DA:34,1
DA:37,2
DA:39,8
DA:40,2
DA:44,2
DA:45,4
DA:47,2
DA:49,8
DA:52,2
DA:53,4
DA:55,2
DA:57,4
DA:60,2
DA:62,4
DA:66,1
DA:68,2
DA:71,1
DA:73,2
DA:77,0
DA:80,0
DA:81,0
DA:82,0
LF:34
LH:30
end_of_record
SF:lib\app\modules\help\pages\help-faq\help_faq_controller.dart
DA:13,2
DA:14,2
DA:23,2
DA:25,2
DA:26,8
DA:27,8
DA:29,2
DA:32,1
DA:34,2
DA:35,2
DA:36,1
DA:40,2
DA:41,8
DA:42,2
LF:14
LH:14
end_of_record
SF:lib\app\modules\help\pages\help-faq\repositories\help_faq_repository.dart
DA:41,1
DA:42,2
LF:2
LH:2
end_of_record
SF:lib\app\modules\help\pages\help-softwares\repositories\help_softwares_repository.dart
DA:23,1
DA:24,2
LF:2
LH:2
end_of_record
SF:lib\app\modules\help\pages\help-softwares\help_softwares_controller.dart
DA:14,2
DA:15,2
DA:24,2
DA:26,2
DA:27,8
DA:28,8
DA:30,2
DA:33,1
DA:35,2
DA:36,2
DA:37,1
DA:41,2
DA:42,8
DA:43,2
LF:14
LH:14
end_of_record
SF:lib\app\modules\help\pages\help-softwares\help_softwares_controller.g.dart
DA:12,2
DA:13,4
DA:15,2
DA:17,4
DA:18,2
DA:21,2
DA:23,8
DA:24,2
DA:28,4
DA:29,2
DA:31,1
DA:33,2
DA:34,1
DA:37,2
DA:39,8
DA:40,2
DA:44,4
DA:46,2
DA:48,2
DA:50,2
DA:51,6
DA:54,2
DA:55,4
DA:57,2
DA:59,2
DA:60,2
DA:62,2
DA:64,4
DA:68,1
DA:70,1
DA:71,1
DA:73,1
DA:75,2
DA:79,0
DA:82,0
DA:83,0
DA:84,0
LF:37
LH:33
end_of_record
SF:lib\app\modules\help\pages\help-avisos\models\avisos_model.dart
DA:6,3
LF:1
LH:1
end_of_record
SF:lib\app\modules\help\pages\help-avisos\models\avisos_panel_model.dart
DA:7,2
DA:9,1
DA:10,2
DA:13,2
LF:4
LH:4
end_of_record
SF:lib\app\modules\help\pages\help-faq\models\faq_model.dart
DA:5,6
LF:1
LH:1
end_of_record
SF:lib\app\modules\help\pages\help-faq\models\faq_panel_model.dart
DA:7,4
DA:9,2
DA:10,4
DA:13,4
LF:4
LH:4
end_of_record
SF:lib\app\modules\help\pages\help-softwares\models\softwares_model.dart
DA:5,3
LF:1
LH:1
end_of_record
SF:lib\app\modules\help\pages\help-softwares\models\softwares_panel_model.dart
DA:7,2
DA:9,1
DA:10,2
DA:13,2
LF:4
LH:4
end_of_record
SF:lib\app\modules\home-aluno\home_aluno_controller.dart
DA:13,2
DA:14,2
DA:15,2
DA:25,2
DA:26,8
DA:30,2
DA:31,7
LF:7
LH:7
end_of_record
SF:lib\app\modules\home-aluno\home_aluno_controller.g.dart
DA:12,2
DA:13,4
DA:15,1
DA:17,2
DA:18,1
DA:21,2
DA:23,8
DA:24,2
DA:28,1
DA:29,2
DA:31,1
DA:33,2
DA:34,1
DA:37,1
DA:39,4
DA:40,1
DA:44,2
DA:45,4
DA:47,2
DA:49,8
DA:52,2
DA:53,4
DA:55,2
DA:57,8
DA:60,0
DA:63,0
DA:64,0
DA:65,0
LF:28
LH:24
end_of_record
SF:lib\app\shared\models\aluno_model.dart
DA:5,3
DA:7,2
DA:8,2
LF:3
LH:3
end_of_record
SF:lib\app\shared\models\aula_model.dart
DA:9,3
DA:15,2
DA:16,2
LF:3
LH:3
end_of_record
SF:lib\app\modules\home-aluno\home_aluno_module.dart
DA:12,3
DA:13,2
DA:20,0
LF:3
LH:2
end_of_record
SF:lib\app\modules\home-aluno\repositories\home_aluno_repository.dart
DA:19,1
DA:21,2
DA:25,1
DA:26,3
DA:27,0
LF:5
LH:4
end_of_record
SF:lib\app\modules\home-aluno\home_aluno_page.dart
DA:13,0
DA:15,0
DA:16,0
DA:22,0
DA:24,0
DA:25,0
DA:26,0
DA:27,0
DA:28,0
DA:29,0
DA:30,0
DA:33,0
DA:34,0
DA:35,0
DA:36,0
DA:37,0
DA:40,0
DA:41,0
DA:43,0
DA:46,0
DA:48,0
DA:51,0
DA:53,0
DA:55,0
DA:64,0
DA:67,0
LF:26
LH:0
end_of_record
SF:lib\app\modules\home-aluno\widgets\app_bar_home_widget.dart
DA:15,0
DA:22,0
DA:24,0
DA:26,0
DA:27,0
DA:28,0
DA:30,0
DA:31,0
DA:32,0
DA:33,0
DA:34,0
DA:36,0
DA:37,0
DA:38,0
DA:39,0
DA:40,0
DA:41,0
DA:42,0
DA:44,0
DA:46,0
DA:47,0
DA:48,0
DA:49,0
DA:50,0
DA:51,0
DA:52,0
DA:53,0
DA:54,0
DA:60,0
DA:63,0
DA:64,0
DA:65,0
DA:67,0
DA:68,0
DA:69,0
DA:70,0
DA:71,0
DA:72,0
DA:73,0
DA:75,0
DA:77,0
DA:78,0
DA:79,0
DA:80,0
DA:88,0
DA:89,0
DA:92,0
DA:93,0
DA:94,0
DA:95,0
LF:50
LH:0
end_of_record
SF:lib\app\modules\home-aluno\widgets\navigation_button_widget.dart
DA:9,0
DA:11,0
DA:13,0
DA:15,0
DA:17,0
DA:18,0
DA:19,0
DA:20,0
DA:21,0
DA:23,0
DA:24,0
DA:25,0
DA:26,0
DA:28,0
DA:30,0
DA:31,0
DA:32,0
DA:33,0
DA:34,0
DA:36,0
DA:39,0
DA:40,0
DA:41,0
DA:43,0
LF:24
LH:0
end_of_record
SF:lib\app\shared\components\dialogs\custom_alert_dialog_widget.dart
DA:7,195
DA:11,0
DA:13,0
DA:15,0
DA:16,0
DA:17,0
DA:18,0
DA:19,0
DA:21,0
DA:22,0
LF:10
LH:1
end_of_record
SF:lib\app\shared\components\aula_card\aula_card_widget.dart
DA:9,0
DA:14,0
DA:16,0
DA:18,0
DA:20,0
DA:21,0
DA:22,0
DA:23,0
DA:24,0
DA:25,0
DA:26,0
DA:28,0
DA:31,0
DA:32,0
DA:33,0
DA:34,0
DA:35,0
DA:36,0
DA:37,0
DA:38,0
DA:40,0
DA:42,0
DA:43,0
DA:44,0
DA:47,0
DA:48,0
DA:50,0
DA:52,0
DA:53,0
DA:54,0
DA:63,0
DA:65,0
DA:66,0
DA:67,0
DA:68,0
DA:69,0
DA:70,0
DA:71,0
DA:72,0
DA:73,0
DA:75,0
DA:78,0
DA:79,0
DA:80,0
DA:82,0
DA:85,0
DA:88,0
DA:90,0
DA:91,0
DA:92,0
DA:100,0
DA:101,0
DA:103,0
DA:104,0
DA:105,0
DA:106,0
DA:107,0
DA:108,0
DA:109,0
DA:111,0
DA:114,0
DA:115,0
DA:117,0
DA:119,0
DA:122,0
DA:125,0
DA:126,0
DA:127,0
LF:68
LH:0
end_of_record
SF:lib\app\shared\themes\app_gradients.dart
DA:6,0
DA:7,0
DA:8,0
DA:9,0
DA:12,0
LF:5
LH:0
end_of_record
SF:lib\app\modules\ic\ic_controller.dart
DA:14,2
DA:15,2
DA:24,0
DA:26,0
DA:27,0
DA:28,0
DA:34,2
DA:35,10
DA:39,1
DA:40,1
DA:41,2
LF:11
LH:7
end_of_record
SF:lib\app\modules\ic\ic_controller.g.dart
DA:14,0
DA:15,0
DA:16,0
DA:18,0
DA:20,2
DA:21,4
DA:23,2
DA:25,4
DA:26,2
DA:29,1
DA:31,4
DA:32,1
DA:36,2
DA:37,4
DA:39,1
DA:41,2
DA:42,1
DA:45,2
DA:47,8
DA:48,2
DA:52,2
DA:53,4
DA:55,2
DA:57,8
DA:60,1
DA:61,2
DA:63,1
DA:65,4
DA:68,0
DA:71,0
DA:72,0
DA:73,0
DA:74,0
LF:33
LH:24
end_of_record
SF:lib\app\shared\enumerates\tronco_enum.dart
DA:1,65
DA:17,0
DA:19,0
DA:21,0
DA:23,0
DA:25,0
DA:27,0
DA:29,0
DA:31,0
DA:33,0
DA:35,0
DA:37,0
DA:39,0
DA:41,0
DA:46,0
DA:48,0
DA:50,0
DA:52,0
DA:54,0
DA:56,0
DA:58,0
DA:60,0
DA:62,0
DA:64,0
DA:66,0
DA:68,0
DA:70,0
LF:27
LH:1
end_of_record
SF:lib\app\modules\ic\models\ic_model.dart
DA:14,3
LF:1
LH:1
end_of_record
SF:lib\app\modules\ic\ic_module.dart
DA:13,3
DA:14,2
LF:2
LH:2
end_of_record
SF:lib\app\modules\ic\repositories\ic_repository.dart
DA:75,1
DA:77,1
DA:78,4
DA:79,4
DA:80,0
DA:83,1
LF:6
LH:5
end_of_record
SF:lib\app\shared\models\arquivos_model.dart
DA:8,6
LF:1
LH:1
end_of_record
SF:lib\app\shared\models\professores_model.dart
DA:6,6
LF:1
LH:1
end_of_record
SF:lib\app\shared\enumerates\arquivos_enum.dart
DA:4,65
DA:7,0
DA:9,0
DA:11,0
DA:13,0
DA:14,0
DA:15,0
DA:16,0
DA:20,0
DA:22,0
DA:23,0
DA:28,0
DA:29,0
DA:34,0
DA:35,0
DA:37,0
DA:40,0
DA:41,0
DA:43,0
LF:19
LH:1
end_of_record
SF:lib\app\modules\landing\landing_page.dart
DA:9,0
DA:11,0
DA:13,0
DA:14,0
DA:15,0
DA:16,0
DA:17,0
DA:18,0
DA:19,0
DA:20,0
DA:21,0
DA:26,0
DA:27,0
DA:28,0
DA:29,0
DA:30,0
DA:31,0
LF:17
LH:0
end_of_record
SF:lib\app\modules\materias\materias_module.dart
DA:11,3
DA:12,2
DA:19,0
LF:3
LH:2
end_of_record
SF:lib\app\modules\mural-divulgacao\mural_divulgacao_module.dart
DA:17,3
DA:19,2
DA:20,0
DA:21,0
DA:22,0
DA:24,0
LF:6
LH:2
end_of_record
SF:lib\app\modules\notas\notas_module.dart
DA:20,6
DA:21,4
DA:22,0
DA:23,6
DA:24,4
DA:25,3
DA:26,2
DA:27,3
DA:28,2
DA:33,0
DA:35,0
DA:37,0
DA:39,0
LF:13
LH:8
end_of_record
SF:lib\app\shared\components\bottom_navigation_bar\bottom_navigation_bar_widget.dart
DA:12,0
DA:14,0
DA:16,0
DA:18,0
DA:20,0
DA:21,0
DA:22,0
DA:23,0
DA:24,0
DA:25,0
DA:26,0
DA:27,0
DA:28,0
DA:29,0
DA:30,0
DA:31,0
DA:32,0
DA:33,0
DA:34,0
DA:35,0
DA:36,0
DA:37,0
DA:38,0
DA:39,0
DA:40,0
DA:41,0
DA:44,0
DA:45,0
DA:47,0
DA:50,0
DA:54,0
DA:55,0
DA:58,0
DA:59,0
DA:60,0
DA:63,0
DA:66,0
DA:68,0
DA:70,0
DA:77,0
DA:80,0
DA:83,0
DA:85,0
DA:87,0
DA:94,0
DA:97,0
DA:100,0
DA:102,0
DA:104,0
DA:111,0
DA:118,0
LF:51
LH:0
end_of_record
SF:lib\app\shared\components\floating_action_button_custom\floating_action_button_custom_widget.dart
DA:7,0
DA:9,0
DA:11,0
DA:13,0
DA:18,0
DA:20,0
DA:23,0
DA:25,0
DA:26,0
DA:27,0
DA:28,0
DA:31,0
DA:32,0
DA:34,0
DA:37,0
DA:39,0
LF:16
LH:0
end_of_record
SF:lib\app\modules\login\login_controller.g.dart
DA:12,1
DA:13,2
DA:15,1
DA:17,2
DA:18,1
DA:21,1
DA:23,4
DA:24,1
DA:31,0
DA:33,0
DA:34,0
DA:37,0
DA:39,0
DA:40,0
DA:44,1
DA:45,2
DA:47,1
DA:49,2
DA:50,1
DA:53,1
DA:55,4
DA:56,1
DA:60,1
DA:61,2
DA:63,1
DA:65,2
DA:66,1
DA:69,1
DA:71,4
DA:72,1
DA:76,1
DA:77,2
DA:79,1
DA:81,2
DA:82,1
DA:85,1
DA:87,4
DA:88,1
DA:92,1
DA:93,2
DA:95,1
DA:97,4
DA:100,2
DA:101,4
DA:103,2
DA:105,4
DA:108,2
DA:110,4
DA:114,1
DA:116,2
DA:119,1
DA:121,2
DA:125,1
DA:127,2
DA:130,1
DA:132,2
DA:136,1
DA:138,2
DA:141,1
DA:143,2
DA:147,0
DA:150,0
DA:151,0
DA:152,0
DA:153,0
DA:154,0
DA:155,0
LF:67
LH:54
end_of_record
SF:lib\app\modules\login\login_controller.dart
DA:13,2
DA:14,2
DA:32,2
DA:34,7
DA:35,1
DA:39,1
DA:41,1
DA:44,1
DA:46,1
DA:50,1
DA:52,5
DA:53,2
DA:54,3
DA:56,0
DA:57,0
DA:61,1
DA:63,2
LF:17
LH:15
end_of_record
SF:lib\app\modules\login\login_page.dart
DA:12,0
DA:13,0
DA:14,0
DA:18,0
DA:20,0
DA:21,0
DA:22,0
DA:23,0
DA:24,0
DA:25,0
DA:26,0
DA:27,0
DA:28,0
DA:29,0
DA:30,0
DA:32,0
DA:34,0
DA:35,0
DA:38,0
DA:42,0
DA:45,0
DA:46,0
DA:47,0
DA:48,0
DA:49,0
DA:51,0
DA:52,0
DA:53,0
DA:54,0
DA:55,0
DA:58,0
DA:59,0
DA:60,0
DA:61,0
DA:62,0
DA:63,0
DA:65,0
DA:66,0
DA:68,0
DA:70,0
DA:71,0
DA:76,0
DA:79,0
DA:80,0
DA:83,0
DA:84,0
DA:85,0
DA:86,0
DA:87,0
DA:88,0
DA:90,0
DA:92,0
DA:97,0
DA:99,0
DA:100,0
DA:101,0
DA:102,0
DA:105,0
DA:106,0
DA:107,0
DA:109,0
DA:110,0
DA:112,0
DA:113,0
DA:115,0
DA:116,0
DA:117,0
DA:118,0
DA:119,0
DA:122,0
DA:125,0
DA:127,0
DA:133,0
DA:136,0
DA:138,0
DA:139,0
DA:141,0
DA:142,0
DA:144,0
DA:145,0
DA:149,0
DA:152,0
DA:153,0
DA:154,0
DA:155,0
DA:156,0
DA:160,0
DA:161,0
DA:164,0
DA:165,0
LF:90
LH:0
end_of_record
SF:lib\app\modules\login\widgets\entrar_button_widget.dart
DA:8,0
DA:11,0
DA:13,0
DA:15,0
DA:17,0
DA:18,0
DA:19,0
DA:20,0
DA:22,0
DA:24,0
LF:10
LH:0
end_of_record
SF:lib\app\modules\materias\materias_controller.g.dart
DA:12,2
DA:13,4
DA:15,1
DA:17,2
DA:18,1
DA:21,2
DA:23,8
DA:24,2
DA:28,2
DA:29,4
DA:31,2
DA:33,8
DA:36,1
DA:37,2
DA:39,1
DA:41,2
DA:44,1
DA:46,2
DA:50,0
DA:53,0
DA:54,0
LF:21
LH:18
end_of_record
SF:lib\app\modules\materias\materias_controller.dart
DA:12,2
DA:13,2
DA:19,1
DA:21,1
DA:22,3
DA:23,6
DA:24,6
DA:28,0
DA:32,2
DA:33,8
LF:10
LH:9
end_of_record
SF:lib\app\modules\materias\models\materias_model.dart
DA:9,3
LF:1
LH:1
end_of_record
SF:lib\app\modules\materias\repositories\materias_repository.dart
DA:36,1
DA:38,2
LF:2
LH:2
end_of_record
SF:lib\app\modules\materias\materias_page.dart
DA:11,0
DA:13,0
DA:14,0
DA:19,0
DA:21,0
DA:22,0
DA:23,0
DA:27,0
DA:28,0
DA:30,0
DA:31,0
DA:33,0
DA:36,0
DA:39,0
DA:40,0
DA:42,0
DA:43,0
DA:44,0
DA:45,0
DA:48,0
DA:49,0
DA:50,0
DA:51,0
DA:52,0
DA:59,0
DA:61,0
DA:64,0
DA:67,0
DA:68,0
DA:72,0
DA:73,0
DA:74,0
DA:75,0
DA:78,0
DA:79,0
DA:80,0
DA:81,0
DA:82,0
LF:38
LH:0
end_of_record
SF:lib\app\modules\materias\widgets\materia_card_widget.dart
DA:7,0
DA:9,0
DA:11,0
DA:13,0
DA:15,0
DA:16,0
DA:17,0
DA:18,0
DA:19,0
DA:20,0
DA:21,0
DA:22,0
DA:24,0
DA:25,0
DA:28,0
DA:29,0
DA:30,0
DA:31,0
DA:32,0
DA:33,0
DA:34,0
DA:35,0
DA:36,0
DA:37,0
DA:40,0
DA:41,0
DA:44,0
DA:45,0
DA:46,0
LF:29
LH:0
end_of_record
SF:lib\app\shared\components\app_bar\app_bar_widget.dart
DA:11,0
DA:18,0
DA:20,0
DA:22,0
DA:23,0
DA:25,0
DA:26,0
DA:27,0
DA:28,0
DA:30,0
DA:31,0
DA:33,0
DA:36,0
DA:37,0
DA:41,0
DA:42,0
DA:43,0
DA:44,0
DA:45,0
DA:48,0
DA:50,0
DA:51,0
DA:52,0
DA:56,0
DA:57,0
DA:58,0
DA:64,0
DA:65,0
LF:28
LH:0
end_of_record
SF:lib\app\modules\mural-divulgacao\enumerates\mural_enum.dart
DA:1,65
LF:1
LH:1
end_of_record
SF:lib\app\modules\mural-divulgacao\models\informacao_model.dart
DA:7,3
LF:1
LH:1
end_of_record
SF:lib\app\modules\mural-divulgacao\mural_divulgacao_controller.g.dart
DA:12,4
DA:14,2
DA:16,1
DA:18,2
DA:19,1
DA:22,2
DA:24,8
DA:25,2
DA:29,4
DA:31,2
DA:33,1
DA:35,2
DA:36,1
DA:39,2
DA:41,2
DA:42,6
DA:43,2
DA:47,4
DA:49,2
DA:51,1
DA:53,2
DA:54,1
DA:57,2
DA:59,2
DA:60,6
DA:61,2
DA:65,4
DA:67,2
DA:69,1
DA:71,2
DA:72,1
DA:75,2
DA:77,2
DA:78,6
DA:79,2
DA:83,4
DA:85,2
DA:87,2
DA:89,8
DA:92,4
DA:94,2
DA:96,2
DA:98,8
DA:101,4
DA:103,2
DA:105,2
DA:107,8
DA:110,4
DA:112,2
DA:114,2
DA:116,8
DA:119,0
DA:122,0
DA:123,0
DA:124,0
DA:125,0
DA:126,0
LF:57
LH:51
end_of_record
SF:lib\app\modules\mural-divulgacao\mural_divulgacao_controller.dart
DA:12,2
DA:13,2
DA:14,2
DA:15,2
DA:16,2
DA:32,2
DA:33,8
DA:36,2
DA:37,8
DA:40,2
DA:41,8
DA:44,2
DA:45,8
LF:13
LH:13
end_of_record
SF:lib\app\modules\mural-divulgacao\pages\mural_estagio\mural_estagios_controller.g.dart
DA:12,4
DA:13,2
DA:15,2
DA:17,4
DA:18,2
DA:21,2
DA:23,8
DA:24,2
DA:28,4
DA:30,2
DA:32,2
DA:34,4
DA:35,2
DA:38,2
DA:40,8
DA:41,2
DA:45,2
DA:46,4
DA:48,2
DA:50,8
DA:53,2
DA:54,4
DA:56,2
DA:59,4
DA:62,2
DA:64,4
DA:68,2
DA:70,2
DA:71,2
DA:73,2
DA:75,4
DA:79,0
DA:82,0
DA:83,0
DA:84,0
LF:35
LH:31
end_of_record
SF:lib\app\modules\mural-divulgacao\pages\mural_estagio\mural_estagios_controller.dart
DA:15,2
DA:18,2
DA:28,2
DA:29,8
DA:30,2
DA:33,2
DA:35,2
DA:36,8
DA:37,8
DA:39,2
DA:42,2
DA:44,4
DA:45,4
DA:46,2
LF:14
LH:14
end_of_record
SF:lib\app\modules\mural-divulgacao\pages\mural_estagio\repositories\mural_estagios_repository.dart
DA:23,0
DA:25,0
LF:2
LH:0
end_of_record
SF:lib\app\modules\mural-divulgacao\repositories\mural_divulgacao_repository.dart
DA:14,1
DA:15,2
DA:16,4
DA:17,1
DA:18,1
DA:22,1
DA:23,2
DA:24,4
DA:25,1
DA:26,1
DA:30,1
DA:31,2
DA:32,4
DA:33,1
DA:34,1
DA:37,1
DA:39,2
DA:40,4
DA:41,1
DA:42,1
LF:20
LH:20
end_of_record
SF:lib\app\modules\mural-divulgacao\pages\mural_equipes\mural_equipes_controller.g.dart
DA:12,1
DA:13,2
DA:15,1
DA:17,2
DA:18,1
DA:21,1
DA:23,4
DA:24,1
DA:28,2
DA:29,1
DA:31,1
DA:33,2
DA:34,1
DA:37,1
DA:39,4
DA:40,1
DA:44,1
DA:45,2
DA:47,1
DA:49,4
DA:52,1
DA:53,2
DA:55,1
DA:57,1
DA:58,1
DA:60,1
DA:62,2
DA:66,1
DA:68,1
DA:69,1
DA:71,1
DA:73,2
DA:77,0
DA:80,0
DA:81,0
DA:82,0
LF:36
LH:32
end_of_record
SF:lib\app\modules\mural-divulgacao\pages\mural_equipes\mural_equipes_controller.dart
DA:15,1
DA:18,1
DA:28,1
DA:29,4
DA:30,1
DA:33,1
DA:35,1
DA:36,4
DA:37,4
DA:39,1
DA:42,1
DA:44,2
DA:45,2
DA:46,1
LF:14
LH:14
end_of_record
SF:lib\app\modules\mural-divulgacao\pages\mural_equipes\repositories\mural_equipes_repository.dart
DA:27,0
DA:29,0
LF:2
LH:0
end_of_record
SF:lib\app\modules\mural-divulgacao\pages\mural_equipes\models\equipes_model.dart
DA:6,3
DA:11,0
DA:12,0
LF:3
LH:1
end_of_record
SF:lib\app\shared\models\list_panel_model.dart
DA:5,3
DA:7,3
DA:8,6
DA:11,6
LF:4
LH:4
end_of_record
SF:lib\app\modules\mural-divulgacao\pages\mural_estagio\models\estagios_model.dart
DA:6,4
LF:1
LH:1
end_of_record
SF:lib\app\modules\notas\pages\atingir-metas\atingir_metas_controller.dart
DA:15,2
DA:16,2
DA:19,0
DA:21,0
DA:22,0
DA:31,1
DA:32,1
DA:33,0
DA:35,3
DA:40,2
DA:41,8
DA:45,1
DA:46,4
LF:13
LH:9
end_of_record
SF:lib\app\modules\notas\pages\atingir-metas\atingir_metas_controller.g.dart
DA:14,0
DA:16,0
DA:18,0
DA:20,2
DA:21,4
DA:23,1
DA:25,2
DA:26,1
DA:29,2
DA:31,8
DA:32,2
DA:36,2
DA:37,1
DA:39,1
DA:41,2
DA:42,1
DA:45,0
DA:47,0
DA:48,0
DA:52,1
DA:53,2
DA:55,1
DA:57,1
DA:58,3
DA:61,2
DA:62,4
DA:64,2
DA:66,8
DA:69,2
DA:71,1
DA:73,1
DA:75,1
DA:76,3
DA:79,0
DA:82,0
DA:83,0
DA:84,0
DA:85,0
LF:38
LH:27
end_of_record
SF:lib\app\modules\notas\pages\atingir-metas\atingir_metas_page.dart
DA:12,0
DA:13,0
DA:14,0
DA:20,0
DA:22,0
DA:23,0
DA:24,0
DA:26,0
DA:27,0
DA:28,0
DA:29,0
DA:31,0
DA:32,0
DA:33,0
DA:35,0
DA:37,0
DA:38,0
DA:39,0
DA:40,0
DA:41,0
DA:42,0
DA:43,0
DA:45,0
DA:47,0
DA:48,0
DA:50,0
DA:51,0
DA:53,0
DA:54,0
DA:56,0
DA:57,0
DA:59,0
DA:67,0
DA:70,0
DA:71,0
DA:72,0
DA:73,0
DA:74,0
DA:75,0
DA:77,0
DA:79,0
DA:80,0
DA:82,0
DA:83,0
DA:85,0
DA:86,0
DA:88,0
DA:89,0
DA:91,0
DA:102,0
DA:103,0
DA:104,0
DA:105,0
DA:106,0
DA:108,0
DA:111,0
DA:112,0
DA:114,0
DA:115,0
DA:116,0
DA:117,0
DA:118,0
DA:119,0
DA:122,0
DA:123,0
DA:124,0
DA:126,0
DA:127,0
DA:128,0
DA:135,0
DA:136,0
DA:137,0
DA:138,0
DA:144,0
DA:147,0
DA:148,0
DA:149,0
DA:150,0
DA:151,0
DA:153,0
DA:154,0
DA:155,0
DA:157,0
DA:158,0
DA:160,0
DA:164,0
DA:165,0
DA:166,0
DA:167,0
DA:172,0
DA:175,0
DA:176,0
DA:177,0
DA:178,0
DA:179,0
DA:181,0
DA:182,0
DA:183,0
DA:185,0
DA:186,0
DA:188,0
DA:192,0
DA:193,0
DA:194,0
DA:195,0
LF:105
LH:0
end_of_record
SF:lib\app\modules\notas\pages\atingir-metas\repositories\atingir_metas_repository.dart
DA:60,1
DA:62,2
DA:65,0
DA:67,0
LF:4
LH:2
end_of_record
SF:lib\app\modules\notas\pages\estatisticas\estatisticas_notas_page.dart
DA:15,0
DA:17,0
DA:18,0
DA:23,0
DA:25,0
DA:26,0
DA:27,0
DA:28,0
DA:29,0
DA:30,0
DA:31,0
DA:32,0
DA:33,0
DA:34,0
DA:36,0
DA:37,0
DA:38,0
DA:40,0
DA:41,0
DA:42,0
DA:49,0
DA:50,0
DA:52,0
DA:53,0
DA:54,0
DA:55,0
DA:59,0
DA:60,0
DA:62,0
DA:63,0
DA:64,0
DA:68,0
DA:69,0
DA:71,0
DA:72,0
DA:73,0
DA:79,0
DA:80,0
DA:81,0
DA:82,0
DA:83,0
DA:85,0
DA:86,0
DA:87,0
DA:89,0
DA:91,0
DA:92,0
DA:93,0
DA:94,0
DA:100,0
LF:50
LH:0
end_of_record
SF:lib\app\modules\notas\pages\estatisticas\estatisticas_notas_controller.dart
DA:14,2
DA:15,2
DA:16,2
DA:19,0
DA:22,0
DA:23,0
DA:24,0
DA:27,0
DA:28,0
DA:29,0
DA:32,0
DA:33,0
DA:34,0
DA:37,0
DA:39,0
DA:49,2
DA:50,2
DA:51,6
DA:55,2
DA:56,8
LF:20
LH:8
end_of_record
SF:lib\app\modules\notas\pages\estatisticas\estatisticas_notas_controller.g.dart
DA:14,0
DA:16,0
DA:18,0
DA:21,0
DA:23,0
DA:25,0
DA:28,0
DA:30,0
DA:32,0
DA:35,0
DA:37,0
DA:39,0
DA:42,0
DA:43,0
DA:44,0
DA:46,0
DA:48,4
DA:50,2
DA:52,1
DA:54,2
DA:55,1
DA:58,2
DA:60,6
DA:61,2
DA:62,2
DA:66,2
DA:67,4
DA:69,1
DA:71,2
DA:72,1
DA:75,2
DA:77,8
DA:78,2
DA:82,4
DA:84,2
DA:86,2
DA:88,2
DA:89,6
DA:92,4
DA:94,2
DA:96,2
DA:98,2
DA:99,6
DA:102,0
DA:105,0
DA:106,0
DA:107,0
DA:108,0
DA:109,0
DA:110,0
DA:111,0
DA:112,0
LF:52
LH:27
end_of_record
SF:lib\app\modules\notas\pages\estatisticas\repositories\estatisticas_repository.dart
DA:26,1
DA:28,2
DA:31,1
DA:33,2
LF:4
LH:4
end_of_record
SF:lib\app\modules\notas\pages\medias\medias_controller.dart
DA:12,3
DA:13,3
DA:16,0
DA:19,0
DA:20,0
DA:26,3
DA:27,12
LF:7
LH:4
end_of_record
SF:lib\app\modules\notas\pages\medias\medias_controller.g.dart
DA:14,0
DA:16,0
DA:18,0
DA:21,0
DA:23,0
DA:25,0
DA:27,3
DA:28,6
DA:30,1
DA:32,2
DA:33,1
DA:36,3
DA:38,12
DA:39,3
DA:43,3
DA:44,6
DA:46,3
DA:48,12
DA:51,0
DA:54,0
DA:55,0
DA:56,0
DA:57,0
LF:23
LH:12
end_of_record
SF:lib\app\modules\notas\pages\medias\medias_page.dart
DA:11,0
DA:13,0
DA:14,0
DA:18,0
DA:20,0
DA:21,0
DA:22,0
DA:23,0
DA:24,0
DA:25,0
DA:26,0
DA:27,0
DA:28,0
DA:29,0
DA:30,0
DA:32,0
DA:33,0
DA:34,0
DA:36,0
DA:37,0
DA:38,0
DA:45,0
DA:48,0
DA:51,0
DA:54,0
DA:56,0
DA:58,0
DA:65,0
DA:66,0
DA:67,0
DA:68,0
DA:69,0
DA:70,0
DA:71,0
DA:73,0
DA:74,0
DA:75,0
DA:78,0
DA:81,0
DA:83,0
DA:84,0
LF:41
LH:0
end_of_record
SF:lib\app\modules\notas\pages\medias\repositories\medias\medias_repository.dart
DA:57,2
DA:59,4
LF:2
LH:2
end_of_record
SF:lib\app\modules\notas\pages\notas-aluno\notas_aluno_controller.dart
DA:14,3
DA:15,3
DA:18,0
DA:20,0
DA:21,0
DA:27,3
DA:28,12
LF:7
LH:4
end_of_record
SF:lib\app\modules\notas\pages\notas-aluno\notas_aluno_controller.g.dart
DA:14,0
DA:16,0
DA:18,0
DA:20,3
DA:21,6
DA:23,1
DA:25,2
DA:26,1
DA:29,3
DA:31,12
DA:32,3
DA:36,3
DA:37,6
DA:39,3
DA:41,12
DA:44,0
DA:47,0
DA:48,0
DA:49,0
LF:19
LH:12
end_of_record
SF:lib\app\modules\notas\pages\notas-aluno\notas_aluno_page.dart
DA:13,0
DA:14,0
DA:15,0
DA:20,0
DA:22,0
DA:23,0
DA:24,0
DA:28,0
DA:29,0
DA:30,0
DA:31,0
DA:33,0
DA:34,0
DA:35,0
DA:36,0
DA:38,0
DA:39,0
DA:41,0
DA:42,0
DA:43,0
DA:44,0
DA:45,0
DA:47,0
DA:50,0
DA:51,0
DA:53,0
DA:54,0
DA:55,0
DA:56,0
DA:57,0
DA:58,0
DA:61,0
DA:62,0
DA:63,0
DA:65,0
DA:66,0
DA:67,0
DA:74,0
DA:75,0
DA:76,0
DA:77,0
DA:83,0
DA:86,0
DA:87,0
DA:88,0
DA:89,0
DA:90,0
DA:92,0
DA:93,0
DA:94,0
DA:96,0
DA:97,0
DA:99,0
DA:103,0
DA:104,0
DA:105,0
DA:109,0
DA:112,0
DA:113,0
DA:114,0
DA:115,0
DA:116,0
DA:118,0
DA:119,0
DA:120,0
DA:122,0
DA:123,0
DA:125,0
DA:129,0
DA:130,0
DA:131,0
LF:71
LH:0
end_of_record
SF:lib\app\modules\notas\pages\notas-aluno\repositories\notas_aluno_repository.dart
DA:34,2
DA:36,4
LF:2
LH:2
end_of_record
SF:lib\app\modules\notas\pages\atingir-metas\models\materia_model.dart
DA:11,3
DA:17,2
DA:18,4
DA:19,2
DA:20,2
DA:21,2
DA:22,2
DA:23,2
DA:24,2
DA:25,2
DA:26,2
DA:27,2
DA:28,2
DA:29,2
DA:30,2
DA:31,2
DA:32,2
DA:33,2
DA:34,2
DA:35,2
DA:36,2
DA:37,2
DA:41,0
DA:46,0
DA:47,0
DA:48,0
DA:49,0
DA:50,0
LF:28
LH:22
end_of_record
SF:lib\app\modules\notas\pages\atingir-metas\enumerates\avaliacao_a_enum.dart
DA:1,65
DA:23,1
DA:25,1
DA:27,0
DA:29,0
DA:31,0
DA:33,0
DA:35,0
DA:37,0
DA:39,0
DA:41,0
DA:43,0
DA:45,0
DA:47,0
DA:49,0
DA:51,0
DA:53,0
DA:55,0
DA:57,0
DA:59,0
LF:20
LH:3
end_of_record
SF:lib\app\modules\notas\pages\atingir-metas\widgets\grid_avaliacao_widget.dart
DA:11,0
DA:12,0
DA:14,0
DA:16,0
DA:17,0
DA:18,0
DA:19,0
DA:21,0
DA:22,0
DA:28,0
DA:29,0
DA:30,0
DA:31,0
DA:32,0
LF:14
LH:0
end_of_record
SF:lib\app\modules\notas\pages\atingir-metas\models\notas_model.dart
DA:7,3
LF:1
LH:1
end_of_record
SF:lib\app\modules\notas\pages\atingir-metas\widgets\notas_card_widget.dart
DA:11,0
DA:16,0
DA:18,0
DA:19,0
DA:26,0
DA:28,0
DA:30,0
DA:31,0
DA:32,0
DA:33,0
DA:34,0
DA:35,0
DA:36,0
DA:38,0
DA:41,0
DA:42,0
DA:43,0
DA:44,0
DA:45,0
DA:47,0
DA:48,0
DA:49,0
DA:50,0
DA:51,0
DA:52,0
DA:57,0
DA:58,0
DA:59,0
DA:60,0
DA:61,0
DA:62,0
DA:64,0
DA:67,0
DA:72,0
DA:73,0
DA:75,0
DA:76,0
DA:77,0
DA:78,0
DA:79,0
DA:81,0
DA:83,0
LF:42
LH:0
end_of_record
SF:lib\app\modules\notas\pages\estatisticas\models\estatisticas_medias_model.dart
DA:6,3
DA:12,2
DA:13,2
LF:3
LH:3
end_of_record
SF:lib\app\modules\notas\pages\estatisticas\models\dados_grafico_de_barras_model.dart
DA:5,3
DA:12,3
DA:14,2
DA:15,4
LF:4
LH:4
end_of_record
SF:lib\app\modules\notas\pages\estatisticas\widgets\grafico_barras_widget.dart
DA:8,0
DA:11,0
DA:13,0
DA:15,0
DA:16,0
DA:17,0
DA:18,0
DA:20,0
DA:21,0
DA:22,0
DA:28,0
DA:30,0
DA:31,0
LF:13
LH:0
end_of_record
SF:lib\app\modules\notas\pages\estatisticas\widgets\media_row_widget.dart
DA:9,0
DA:14,0
DA:16,0
DA:18,0
DA:19,0
DA:20,0
DA:22,0
DA:23,0
DA:24,0
DA:25,0
DA:26,0
DA:28,0
DA:29,0
DA:30,0
DA:31,0
DA:36,0
LF:16
LH:0
end_of_record
SF:lib\app\modules\notas\pages\medias\models\medias\medias_model.dart
DA:9,4
DA:16,0
DA:17,0
DA:18,0
DA:19,0
DA:20,0
DA:21,0
DA:22,0
DA:23,0
DA:27,3
DA:28,3
DA:32,3
LF:12
LH:4
end_of_record
SF:lib\app\modules\notas\pages\medias\widgets\coeficiente-rendimento\coeficiente_widget.dart
DA:11,0
DA:15,0
DA:17,0
DA:19,0
DA:20,0
DA:21,0
DA:22,0
DA:24,0
DA:25,0
DA:29,0
DA:30,0
DA:31,0
DA:33,0
DA:35,0
DA:36,0
DA:37,0
DA:38,0
DA:40,0
DA:45,0
DA:46,0
DA:47,0
LF:21
LH:0
end_of_record
SF:lib\app\shared\lista_notas\lista_notas_widget.dart
DA:9,0
DA:15,0
DA:17,0
DA:19,0
DA:20,0
DA:21,0
DA:23,0
DA:24,0
DA:25,0
DA:27,0
DA:28,0
DA:29,0
DA:32,0
DA:35,0
DA:37,0
DA:39,0
DA:40,0
DA:42,0
DA:43,0
DA:44,0
DA:49,0
DA:50,0
DA:51,0
DA:53,0
DA:54,0
DA:55,0
DA:60,0
DA:62,0
DA:65,0
LF:29
LH:0
end_of_record
SF:lib\app\modules\notas\pages\medias\models\medias\media_model.dart
DA:5,4
DA:10,0
DA:11,0
DA:14,0
DA:15,0
DA:17,0
DA:18,0
DA:19,0
DA:20,0
LF:9
LH:1
end_of_record
SF:lib\app\modules\notas\pages\notas-aluno\enumerates\avaliacao_enum.dart
DA:1,65
DA:23,0
DA:25,0
DA:27,0
DA:29,0
DA:31,0
DA:33,0
DA:35,0
DA:37,0
DA:39,0
DA:41,0
DA:43,0
DA:45,0
DA:47,0
DA:49,0
DA:51,0
DA:53,0
DA:55,0
DA:57,0
DA:59,0
LF:20
LH:1
end_of_record
SF:lib\app\modules\notas\pages\notas-aluno\models\materia_model.dart
DA:11,4
DA:17,3
DA:18,6
DA:19,3
DA:20,3
DA:21,3
DA:22,3
DA:23,3
DA:24,3
DA:25,3
DA:26,3
DA:27,3
DA:28,3
DA:29,3
DA:30,3
DA:31,3
DA:32,3
DA:33,3
DA:34,3
DA:35,3
DA:36,3
DA:37,3
DA:41,0
DA:46,0
DA:47,0
DA:48,0
DA:49,0
DA:50,0
LF:28
LH:22
end_of_record
SF:lib\app\modules\notas\pages\notas-aluno\models\notas_model.dart
DA:7,4
LF:1
LH:1
end_of_record
SF:lib\app\modules\notas\pages\notas-aluno\widgets\grid_avaliacao_widget.dart
DA:8,0
DA:10,0
DA:12,0
DA:13,0
DA:14,0
DA:15,0
DA:17,0
DA:18,0
DA:24,0
DA:25,0
DA:26,0
DA:27,0
LF:12
LH:0
end_of_record
SF:lib\app\modules\notas\pages\notas-aluno\widgets\row_navegacao_notas_widget.dart
DA:7,0
DA:8,0
DA:10,0
DA:12,0
DA:13,0
DA:15,0
DA:16,0
DA:19,0
DA:22,0
DA:25,0
DA:28,0
DA:31,0
LF:12
LH:0
end_of_record
SF:lib\app\shared\components\notas_card\notas_card_widget.dart
DA:9,0
DA:11,0
DA:13,0
DA:15,0
DA:17,0
DA:18,0
DA:19,0
DA:20,0
DA:21,0
DA:22,0
DA:23,0
DA:25,0
DA:28,0
DA:29,0
DA:30,0
DA:31,0
DA:32,0
DA:34,0
DA:35,0
DA:37,0
DA:38,0
DA:39,0
DA:41,0
DA:43,0
LF:24
LH:0
end_of_record
SF:lib\app\modules\notas\pages\notas-aluno\widgets\icones_navegacao_widget.dart
DA:11,0
DA:17,0
DA:19,0
DA:21,0
DA:22,0
DA:24,0
DA:25,0
DA:26,0
DA:27,0
DA:29,0
DA:30,0
DA:31,0
DA:32,0
DA:33,0
DA:34,0
DA:35,0
DA:38,0
DA:39,0
DA:40,0
DA:43,0
DA:44,0
DA:45,0
LF:22
LH:0
end_of_record
SF:lib\app\shared\components\bottom_navigation_bar\widgets\closed_bottom_navigation_bar_widget.dart
DA:9,0
DA:11,0
DA:13,0
DA:16,0
DA:17,0
DA:18,0
DA:20,0
DA:21,0
DA:22,0
DA:24,0
DA:25,0
DA:27,0
DA:29,0
DA:31,0
DA:38,0
DA:40,0
DA:42,0
DA:44,0
DA:45,0
DA:47,0
DA:48,0
DA:49,0
DA:51,0
DA:52,0
DA:54,0
DA:56,0
DA:58,0
DA:65,0
LF:28
LH:0
end_of_record
SF:lib\app\shared\components\bottom_navigation_bar\widgets\navigation_bar_buttons_widget.dart
DA:9,0
DA:11,0
DA:13,0
DA:15,0
DA:16,0
DA:17,0
DA:19,0
DA:20,0
DA:22,0
DA:25,0
DA:26,0
DA:27,0
DA:28,0
DA:31,0
DA:33,0
DA:34,0
DA:35,0
LF:17
LH:0
end_of_record
SF:lib\app\shared\components\bottom_navigation_bar\widgets\icon_buttom_custom_widget.dart
DA:8,0
DA:10,0
DA:12,0
DA:14,0
DA:17,0
DA:18,0
DA:19,0
DA:20,0
LF:8
LH:0
end_of_record
SF:lib\app\shared\enumerates\period_enum.dart
DA:1,65
DA:4,2
DA:6,2
DA:8,2
DA:10,0
DA:12,0
LF:6
LH:4
end_of_record
SF:lib\app\modules\help\pages\help-estagio\page\guia-de-estagio\guia_de_estagio_controller.g.dart
DA:12,4
DA:13,2
DA:15,2
DA:17,4
DA:18,2
DA:21,2
DA:23,8
DA:24,2
DA:28,4
DA:30,2
DA:32,1
DA:34,2
DA:35,1
DA:38,2
DA:40,6
DA:41,2
DA:42,2
DA:46,4
DA:48,2
DA:50,2
DA:52,8
DA:55,2
DA:56,4
DA:58,2
DA:61,4
DA:64,2
DA:66,4
DA:70,1
DA:72,1
DA:73,1
DA:75,1
DA:77,2
DA:81,0
DA:84,0
DA:85,0
DA:86,0
LF:36
LH:32
end_of_record
SF:lib\app\modules\help\pages\help-estagio\page\guia-de-estagio\guia_de_estagio_controller.dart
DA:14,2
DA:17,2
DA:27,2
DA:28,8
DA:29,2
DA:32,2
DA:34,2
DA:35,8
DA:36,8
DA:38,2
DA:41,1
DA:43,2
DA:44,2
DA:45,1
LF:14
LH:14
end_of_record
SF:lib\app\modules\help\pages\help-estagio\page\guia-de-estagio\models\guia_de_estagio_model.dart
DA:5,3
DA:7,0
DA:8,0
LF:3
LH:1
end_of_record
SF:lib\app\modules\help\pages\help-estagio\page\guia-de-estagio\models\guia_de_estagio_panel_model.dart
DA:7,2
DA:9,1
DA:10,2
DA:13,2
LF:4
LH:4
end_of_record
SF:lib\app\modules\help\pages\help-estagio\page\guia-de-estagio\repositories\guia_de_estagio_repository.dart
DA:23,1
DA:25,2
LF:2
LH:2
end_of_record
SF:lib\app\modules\help\pages\help-estagio\help_estagio_controller.g.dart
DA:12,2
DA:13,4
DA:15,2
DA:17,4
DA:18,2
DA:21,2
DA:23,8
DA:24,2
DA:28,4
DA:29,2
DA:31,1
DA:33,2
DA:34,1
DA:37,2
DA:39,8
DA:40,2
DA:44,2
DA:45,4
DA:47,2
DA:49,8
DA:52,2
DA:53,4
DA:55,2
DA:57,2
DA:58,2
DA:60,2
DA:62,4
DA:66,1
DA:68,1
DA:69,1
DA:71,1
DA:73,2
DA:77,0
DA:80,0
DA:81,0
DA:82,0
LF:36
LH:32
end_of_record
SF:lib\app\modules\help\pages\help-estagio\help_estagio_controller.dart
DA:14,2
DA:17,2
DA:27,2
DA:28,8
DA:29,2
DA:32,2
DA:34,2
DA:35,8
DA:36,8
DA:38,2
DA:41,1
DA:43,2
DA:44,2
DA:45,1
LF:14
LH:14
end_of_record
SF:lib\app\modules\help\pages\help-estagio\models\help_estagio_model.dart
DA:7,3
DA:9,0
DA:10,0
LF:3
LH:1
end_of_record
SF:lib\app\modules\help\pages\help-estagio\models\help_estagio_panel_model.dart
DA:7,2
DA:9,1
DA:10,2
DA:13,2
LF:4
LH:4
end_of_record
SF:lib\app\modules\help\pages\help-estagio\help_estagio_module.dart
DA:12,3
DA:13,2
DA:14,3
DA:15,2
DA:20,0
DA:21,0
LF:6
LH:4
end_of_record
SF:lib\app\modules\help\pages\help-estagio\repositories\help_estagio_repository.dart
DA:61,1
DA:63,2
LF:2
LH:2
end_of_record
SF:lib\app\modules\help\pages\help-estagio\help_estagio_page.dart
DA:11,0
DA:13,0
DA:14,0
DA:19,0
DA:21,0
DA:22,0
DA:26,0
DA:27,0
DA:28,0
DA:29,0
DA:31,0
DA:32,0
DA:33,0
DA:36,0
DA:37,0
DA:41,0
DA:42,0
DA:43,0
DA:45,0
DA:46,0
DA:48,0
DA:49,0
DA:50,0
DA:51,0
DA:52,0
DA:53,0
DA:54,0
DA:55,0
DA:60,0
LF:29
LH:0
end_of_record
SF:lib\app\modules\help\pages\help-estagio\page\guia-de-estagio\guia_de_estagio_page.dart
DA:9,0
DA:11,0
DA:12,0
DA:17,0
DA:19,0
DA:20,0
DA:24,0
DA:25,0
DA:26,0
DA:27,0
DA:28,0
DA:30,0
DA:31,0
DA:32,0
DA:33,0
DA:34,0
DA:35,0
DA:36,0
DA:37,0
DA:38,0
DA:44,0
LF:21
LH:0
end_of_record
SF:lib\app\modules\help\pages\help-estagio\widgets\help_estagio_card.dart
DA:7,0
DA:10,0
DA:12,0
DA:14,0
DA:15,0
DA:16,0
DA:18,0
DA:20,0
DA:21,0
DA:22,0
DA:23,0
DA:24,0
DA:26,0
DA:27,0
DA:29,0
DA:35,0
DA:36,0
DA:37,0
LF:18
LH:0
end_of_record
SF:lib\app\modules\help\widgets\help_panel_card_widget.dart
DA:10,0
DA:17,0
DA:19,0
DA:21,0
DA:23,0
DA:24,0
DA:26,0
DA:27,0
DA:28,0
DA:30,0
DA:31,0
DA:33,0
DA:34,0
DA:37,0
DA:38,0
DA:39,0
DA:40,0
DA:45,0
DA:46,0
DA:47,0
DA:48,0
DA:49,0
DA:50,0
DA:51,0
DA:52,0
DA:53,0
DA:54,0
DA:58,0
DA:61,0
DA:63,0
DA:64,0
DA:65,0
DA:74,0
DA:75,0
LF:34
LH:0
end_of_record
SF:lib\app\modules\help\pages\help-softwares\widget\softwares_widget.dart
DA:10,0
DA:16,0
DA:18,0
DA:20,0
DA:25,0
DA:27,0
DA:29,0
DA:30,0
DA:32,0
DA:33,0
DA:34,0
DA:36,0
DA:37,0
DA:39,0
DA:40,0
DA:43,0
DA:44,0
DA:45,0
DA:46,0
DA:51,0
DA:52,0
DA:53,0
DA:54,0
DA:55,0
DA:61,0
DA:62,0
LF:26
LH:0
end_of_record
SF:lib\app\modules\help\pages\help-intercambio\pages\faq\controller\faq_intercambio_controller.dart
DA:13,2
DA:14,2
DA:23,2
DA:25,2
DA:26,8
DA:27,8
DA:29,2
DA:32,1
DA:34,2
DA:35,2
DA:36,1
DA:40,2
DA:41,8
DA:42,2
LF:14
LH:14
end_of_record
SF:lib\app\modules\help\pages\help-intercambio\pages\faq\controller\faq_intercambio_controller.g.dart
DA:12,2
DA:13,4
DA:15,2
DA:17,4
DA:18,2
DA:21,2
DA:23,8
DA:24,2
DA:28,2
DA:29,4
DA:31,1
DA:33,2
DA:34,1
DA:37,2
DA:39,8
DA:40,2
DA:44,4
DA:46,2
DA:48,2
DA:50,8
DA:53,2
DA:54,4
DA:56,2
DA:58,2
DA:59,2
DA:61,2
DA:63,4
DA:67,1
DA:69,1
DA:70,1
DA:72,1
DA:74,2
DA:78,0
DA:81,0
DA:82,0
DA:83,0
LF:36
LH:32
end_of_record
SF:lib\app\modules\help\pages\help-intercambio\pages\faq\repository\faq_repository.dart
DA:47,1
DA:48,2
LF:2
LH:2
end_of_record
SF:lib\app\modules\help\pages\help-intercambio\help_intercambio_module.dart
DA:16,2
DA:17,3
DA:19,0
DA:20,0
DA:22,2
DA:23,3
DA:28,0
DA:29,0
DA:30,0
LF:9
LH:4
end_of_record
SF:lib\app\modules\help\pages\help-intercambio\pages\oportunidades_abertas\controller\oportunidade_controller.dart
DA:13,2
DA:14,2
DA:23,2
DA:25,2
DA:26,8
DA:27,8
DA:29,2
DA:32,1
DA:34,2
DA:35,2
DA:36,1
DA:40,2
DA:41,8
DA:42,2
LF:14
LH:14
end_of_record
SF:lib\app\modules\help\pages\help-intercambio\pages\oportunidades_abertas\controller\oportunidade_controller.g.dart
DA:12,4
DA:13,2
DA:15,2
DA:17,4
DA:18,2
DA:21,2
DA:23,8
DA:24,2
DA:28,4
DA:29,2
DA:31,1
DA:33,2
DA:34,1
DA:37,2
DA:39,8
DA:40,2
DA:44,4
DA:46,2
DA:48,2
DA:50,8
DA:53,2
DA:54,4
DA:56,2
DA:58,2
DA:59,2
DA:61,2
DA:63,4
DA:67,1
DA:69,1
DA:70,1
DA:72,1
DA:74,2
DA:78,0
DA:81,0
DA:82,0
DA:83,0
LF:36
LH:32
end_of_record
SF:lib\app\modules\help\pages\help-intercambio\pages\oportunidades_abertas\repository\oportunidade_repository.dart
DA:13,1
DA:14,2
LF:2
LH:2
end_of_record
SF:lib\app\modules\help\pages\help-intercambio\enumarates\intercambio_enum.dart
DA:1,3
DA:12,0
DA:14,0
DA:16,0
DA:18,0
DA:20,0
DA:22,0
DA:24,0
DA:26,0
DA:31,0
DA:33,0
DA:35,0
DA:37,0
DA:39,0
DA:41,0
DA:43,0
DA:45,0
LF:17
LH:1
end_of_record
SF:lib\app\modules\help\pages\help-intercambio\help_intercambio_page.dart
DA:9,0
DA:10,0
DA:14,0
DA:16,0
DA:17,0
DA:21,0
DA:22,0
DA:23,0
DA:24,0
DA:25,0
DA:26,0
DA:27,0
DA:28,0
DA:30,0
DA:33,0
LF:15
LH:0
end_of_record
SF:lib\app\modules\help\pages\help-intercambio\pages\faq\page\intercambio_faq_page.dart
DA:10,0
DA:12,0
DA:13,0
DA:18,0
DA:20,0
DA:21,0
DA:25,0
DA:26,0
DA:27,0
DA:28,0
DA:30,0
DA:32,0
DA:37,0
DA:38,0
DA:39,0
DA:41,0
DA:42,0
DA:43,0
DA:44,0
DA:45,0
DA:46,0
DA:47,0
LF:22
LH:0
end_of_record
SF:lib\app\modules\help\pages\help-intercambio\pages\oportunidades_abertas\page\intercambio_oportunidades_page.dart
DA:10,0
DA:12,0
DA:13,0
DA:18,0
DA:20,0
DA:21,0
DA:25,0
DA:26,0
DA:27,0
DA:28,0
DA:30,0
DA:32,0
DA:37,0
DA:38,0
DA:39,0
DA:41,0
DA:42,0
DA:44,0
DA:45,0
DA:46,0
DA:47,0
DA:48,0
DA:49,0
LF:23
LH:0
end_of_record
SF:lib\app\modules\help\pages\help-intercambio\widgets\intercambio_card.dart
DA:9,0
DA:10,0
DA:12,0
DA:14,0
DA:15,0
DA:17,0
DA:18,0
DA:19,0
DA:20,0
DA:21,0
DA:22,0
DA:23,0
DA:25,0
DA:26,0
DA:27,0
LF:15
LH:0
end_of_record
SF:lib\app\shared\components\faq_card\faq_card_widget.dart
DA:9,0
DA:15,0
DA:17,0
DA:19,0
DA:24,0
DA:26,0
DA:28,0
DA:29,0
DA:31,0
DA:32,0
DA:33,0
DA:35,0
DA:36,0
DA:38,0
DA:39,0
DA:42,0
DA:43,0
DA:44,0
DA:45,0
DA:50,0
DA:51,0
DA:52,0
DA:53,0
DA:54,0
DA:57,0
DA:59,0
DA:60,0
DA:61,0
DA:70,0
DA:71,0
LF:30
LH:0
end_of_record
SF:lib\app\modules\help\pages\help-intercambio\pages\oportunidades_abertas\models\universidade_model.dart
DA:5,3
LF:1
LH:1
end_of_record
SF:lib\app\modules\help\pages\help-intercambio\pages\oportunidades_abertas\models\universidade_panel_model.dart
DA:7,2
DA:9,1
DA:10,2
DA:13,2
LF:4
LH:4
end_of_record
SF:lib\app\modules\help\pages\video-tutorial\help_video_tutorial_controller.dart
DA:13,2
DA:14,2
DA:21,2
DA:22,8
LF:4
LH:4
end_of_record
SF:lib\app\modules\help\pages\video-tutorial\help_video_tutorial_controller.g.dart
DA:12,4
DA:13,2
DA:15,1
DA:17,2
DA:18,1
DA:21,2
DA:23,8
DA:24,2
DA:28,4
DA:30,2
DA:32,2
DA:34,8
DA:37,0
DA:40,0
DA:41,0
LF:15
LH:12
end_of_record
SF:lib\app\modules\help\pages\video-tutorial\models\video_tutorial_model.dart
DA:6,3
DA:8,0
DA:9,0
LF:3
LH:1
end_of_record
SF:lib\app\modules\help\pages\video-tutorial\help_video_tutorial_module.dart
DA:11,3
DA:13,2
DA:19,0
DA:21,0
DA:22,0
LF:5
LH:2
end_of_record
SF:lib\app\modules\help\pages\video-tutorial\repositories\help_video_tutorial_repository.dart
DA:18,1
DA:19,2
LF:2
LH:2
end_of_record
SF:lib\app\modules\help\pages\video-tutorial\help_video_tutorial_page.dart
DA:9,0
DA:11,0
DA:12,0
DA:17,0
DA:19,0
DA:20,0
DA:24,0
DA:25,0
DA:26,0
DA:27,0
DA:29,0
DA:31,0
DA:34,0
DA:35,0
DA:37,0
DA:38,0
DA:39,0
DA:40,0
DA:41,0
DA:42,0
DA:44,0
DA:47,0
DA:48,0
DA:52,0
LF:24
LH:0
end_of_record
SF:lib\app\modules\help\pages\video-tutorial\page\video-especifico\video_especifico_page.dart
DA:7,0
DA:10,0
DA:13,0
DA:14,0
DA:18,0
DA:20,0
DA:21,0
DA:25,0
DA:26,0
DA:27,0
DA:28,0
DA:29,0
LF:12
LH:0
end_of_record
SF:lib\app\modules\help\pages\video-tutorial\widget\help_video_tutorial_card.dart
DA:10,0
DA:15,0
DA:17,0
DA:19,0
DA:21,0
DA:22,0
DA:23,0
DA:24,0
DA:25,0
DA:27,0
DA:28,0
DA:32,0
DA:33,0
DA:34,0
DA:35,0
DA:36,0
DA:38,0
DA:40,0
DA:41,0
DA:42,0
DA:43,0
DA:45,0
DA:47,0
DA:48,0
DA:49,0
DA:57,0
LF:26
LH:0
end_of_record
SF:lib\app\modules\help\pages\video-tutorial\page\video-especifico\widget\video_especifico_card.dart
DA:11,0
DA:16,0
DA:18,0
DA:20,0
DA:21,0
DA:22,0
DA:24,0
DA:25,0
DA:26,0
DA:28,0
DA:29,0
DA:33,0
DA:34,0
DA:35,0
DA:36,0
DA:37,0
DA:38,0
DA:43,0
DA:45,0
DA:46,0
DA:47,0
DA:50,0
DA:52,0
DA:53,0
LF:24
LH:0
end_of_record
SF:lib\app\modules\help\pages\video-tutorial\page\video-especifico\widget\video_player_card.dart
DA:6,0
DA:9,0
DA:11,0
DA:12,0
DA:13,0
DA:14,0
DA:15,0
DA:16,0
LF:8
LH:0
end_of_record
SF:lib\app\modules\mural-divulgacao\pages\mural_vendas_materiais\enumerates\materiais_enum.dart
DA:1,4
DA:10,1
DA:12,1
DA:14,1
DA:16,1
DA:18,1
DA:20,1
LF:7
LH:7
end_of_record
SF:lib\app\modules\mural-divulgacao\pages\mural_vendas_materiais\models\informacao_material_model.dart
DA:12,3
DA:21,1
DA:22,1
LF:3
LH:3
end_of_record
SF:lib\app\modules\mural-divulgacao\pages\mural_vendas_materiais\pages\informacao_material\informacao_material_controller.g.dart
DA:13,1
DA:14,2
DA:16,1
DA:18,2
DA:19,1
DA:22,1
DA:24,4
DA:25,1
DA:29,2
DA:31,1
DA:33,1
DA:35,1
DA:36,3
DA:39,0
DA:42,0
DA:43,0
LF:16
LH:13
end_of_record
SF:lib\app\modules\mural-divulgacao\pages\mural_vendas_materiais\pages\informacao_material\informacao_material_controller.dart
DA:12,1
DA:13,1
DA:20,1
DA:21,2
LF:4
LH:4
end_of_record
SF:lib\app\modules\mural-divulgacao\pages\mural_vendas_materiais\pages\lista_vendas\lista_vendas_materiais_controller.dart
DA:17,1
DA:19,1
DA:26,1
DA:27,5
DA:30,0
DA:32,0
LF:6
LH:4
end_of_record
SF:lib\app\modules\mural-divulgacao\pages\mural_vendas_materiais\pages\lista_vendas\lista_vendas_materiais_controller.g.dart
DA:13,2
DA:15,1
DA:17,1
DA:19,2
DA:20,1
DA:23,1
DA:25,4
DA:26,1
DA:30,2
DA:32,1
DA:34,1
DA:36,4
DA:43,0
DA:45,0
DA:46,0
DA:48,0
DA:50,0
DA:51,0
DA:55,0
DA:58,0
DA:59,0
LF:21
LH:12
end_of_record
SF:lib\app\modules\mural-divulgacao\pages\mural_vendas_materiais\pages\procura_materias\procura_materiais_controller.g.dart
DA:12,1
DA:13,2
DA:15,1
DA:17,2
DA:18,1
DA:21,1
DA:23,4
DA:24,1
DA:28,2
DA:29,1
DA:31,1
DA:33,2
DA:34,1
DA:37,1
DA:39,4
DA:40,1
DA:44,2
DA:45,1
DA:47,0
DA:49,0
DA:50,0
DA:53,1
DA:55,4
DA:56,1
DA:60,1
DA:61,1
DA:62,1
DA:64,1
DA:66,1
DA:67,1
DA:69,1
DA:71,2
DA:75,1
DA:77,1
DA:78,1
DA:80,1
DA:82,2
DA:86,0
DA:89,0
DA:90,0
DA:91,0
DA:92,0
LF:42
LH:34
end_of_record
SF:lib\app\modules\mural-divulgacao\pages\mural_vendas_materiais\pages\procura_materias\procura_materiais_controller.dart
DA:10,1
DA:11,1
DA:23,1
DA:25,1
DA:26,1
DA:27,3
DA:28,2
DA:29,3
DA:31,1
DA:32,1
DA:35,1
DA:37,1
LF:12
LH:12
end_of_record
SF:lib\app\modules\mural-divulgacao\pages\mural_vendas_materiais\repositories\mural_vendas_materiais_repository.dart
DA:54,0
DA:56,0
DA:57,0
DA:58,0
DA:59,0
DA:62,0
LF:6
LH:0
end_of_record
SF:lib\app\modules\reservas\models\reservas_fablab_model.dart
DA:8,3
LF:1
LH:1
end_of_record
SF:lib\app\modules\reservas\pages\reservas_fablab\enumerates\fablab_enum.dart
DA:1,5
DA:4,0
DA:6,0
DA:8,0
DA:10,0
DA:12,0
LF:6
LH:1
end_of_record
SF:lib\app\modules\reservas\pages\reservas_fablab\reservas_fablab_controller.dart
DA:13,2
DA:14,2
DA:21,2
DA:22,8
LF:4
LH:4
end_of_record
SF:lib\app\modules\reservas\pages\reservas_fablab\reservas_fablab_controller.g.dart
DA:12,2
DA:13,4
DA:15,1
DA:17,2
DA:18,1
DA:21,2
DA:23,8
DA:24,2
DA:28,2
DA:29,4
DA:31,2
DA:33,8
DA:36,0
DA:39,0
DA:40,0
LF:15
LH:12
end_of_record
SF:lib\app\modules\reservas\models\reservas_model.dart
DA:8,3
LF:1
LH:1
end_of_record
SF:lib\app\modules\reservas\pages\reservas-quadras\enumerates\esportes_enum.dart
DA:1,3
DA:4,0
DA:6,0
DA:8,0
DA:10,0
DA:12,0
DA:14,0
LF:7
LH:1
end_of_record
SF:lib\app\modules\reservas\pages\reservas-quadras\reservas_quadras_controller.g.dart
DA:12,4
DA:13,2
DA:15,1
DA:17,2
DA:18,1
DA:21,2
DA:23,8
DA:24,2
DA:28,4
DA:30,2
DA:32,2
DA:34,8
DA:37,0
DA:40,0
DA:41,0
LF:15
LH:12
end_of_record
SF:lib\app\modules\reservas\pages\reservas-quadras\reservas_quadras_controller.dart
DA:14,2
DA:15,2
DA:22,2
DA:23,8
LF:4
LH:4
end_of_record
SF:lib\app\modules\reservas\pages\reservas_fablab\repositories\reservas_fablab_repository.dart
DA:29,1
DA:31,2
LF:2
LH:2
end_of_record
SF:lib\app\modules\reservas\pages\reservas_fablab\reservas_fablab_module.dart
DA:9,3
DA:11,2
DA:16,0
LF:3
LH:2
end_of_record
SF:lib\app\modules\reservas\pages\reservas_fablab\reservas_fablab_page.dart
DA:10,0
DA:12,0
DA:13,0
DA:18,0
DA:20,0
DA:21,0
DA:25,0
DA:26,0
DA:27,0
DA:28,0
DA:30,0
DA:32,0
DA:35,0
DA:36,0
DA:38,0
DA:39,0
DA:40,0
DA:41,0
DA:42,0
DA:43,0
LF:20
LH:0
end_of_record
SF:lib\app\modules\reservas\widgets\reservas_widget.dart
DA:10,0
DA:15,0
DA:17,0
DA:19,0
DA:21,0
DA:22,0
DA:23,0
DA:24,0
DA:25,0
DA:27,0
DA:28,0
DA:32,0
DA:33,0
DA:34,0
DA:35,0
DA:36,0
DA:38,0
DA:39,0
DA:40,0
DA:41,0
DA:45,0
LF:21
LH:0
end_of_record
SF:lib\app\modules\reservas\pages\reservas-quadras\repositories\reservas_quadras_repository.dart
DA:34,1
DA:36,2
LF:2
LH:2
end_of_record
SF:lib\app\modules\reservas\pages\reservas-quadras\reservas_quadras_module.dart
DA:9,3
DA:11,2
DA:16,0
LF:3
LH:2
end_of_record
SF:lib\app\modules\reservas\pages\reservas-quadras\reservas_quadras_page.dart
DA:11,0
DA:13,0
DA:14,0
DA:19,0
DA:21,0
DA:22,0
DA:26,0
DA:27,0
DA:28,0
DA:29,0
DA:31,0
DA:33,0
DA:36,0
DA:37,0
DA:39,0
DA:40,0
DA:41,0
DA:42,0
DA:43,0
DA:44,0
LF:20
LH:0
end_of_record
